<?xml version="1.0" encoding="UTF-8"?>
<testsuite name="com.philips.products.service.ProductServiceImplTest" tests="4" skipped="0" failures="0" errors="0" timestamp="2022-03-02T15:44:43" hostname="APG0J1WV1D061C" time="0.09">
  <properties/>
  <testcase name="getProductsTest" classname="com.philips.products.service.ProductServiceImplTest" time="0.07"/>
  <testcase name="saveProductsTest" classname="com.philips.products.service.ProductServiceImplTest" time="0.006"/>
  <testcase name="deleteProductsTest" classname="com.philips.products.service.ProductServiceImplTest" time="0.007"/>
  <testcase name="getAllProductsTest" classname="com.philips.products.service.ProductServiceImplTest" time="0.006"/>
  <system-out><![CDATA[]]></system-out>
  <system-err><![CDATA[]]></system-err>
</testsuite>
