<?xml version="1.0" encoding="UTF-8"?>
<testsuite name="com.philips.products.repository.ProductRepositoryImplTest" tests="1" skipped="0" failures="0" errors="0" timestamp="2022-03-02T15:44:41" hostname="APG0J1WV1D061C" time="1.193">
  <properties/>
  <testcase name="saveProductsTest" classname="com.philips.products.repository.ProductRepositoryImplTest" time="1.193"/>
  <system-out><![CDATA[]]></system-out>
  <system-err><![CDATA[]]></system-err>
</testsuite>
